[    0.000000] Linux version 4.15.0-43-generic (buildd@lgw01-amd64-001) (gcc version 7.3.0 (Ubuntu 7.3.0-16ubuntu3)) #46-Ubuntu SMP Thu Dec 6 14:45:28 UTC 2018 (Ubuntu 4.15.0-43.46-generic 4.15.18)
[    0.000000] Command line: BOOT_IMAGE=/boot/vmlinuz-4.15.0-43-generic root=LABEL=cloudimg-rootfs ro console=tty1 console=ttyS0
[    0.000000] KERNEL supported cpus:
[    0.000000]   Intel GenuineIntel
[    0.000000]   AMD AuthenticAMD
[    0.000000]   Centaur CentaurHauls
[    0.000000] x86/fpu: Supporting XSAVE feature 0x001: 'x87 floating point registers'
[    0.000000] x86/fpu: Supporting XSAVE feature 0x002: 'SSE registers'
[    0.000000] x86/fpu: Supporting XSAVE feature 0x004: 'AVX registers'
[    0.000000] x86/fpu: xstate_offset[2]:  576, xstate_sizes[2]:  256
[    0.000000] x86/fpu: Enabled xstate features 0x7, context size is 832 bytes, using 'standard' format.
[    0.000000] e820: BIOS-provided physical RAM map:
[    0.000000] BIOS-e820: [mem 0x0000000000000000-0x000000000009fbff] usable
[    0.000000] BIOS-e820: [mem 0x000000000009fc00-0x000000000009ffff] reserved
[    0.000000] BIOS-e820: [mem 0x00000000000f0000-0x00000000000fffff] reserved
[    0.000000] BIOS-e820: [mem 0x0000000000100000-0x000000003ffeffff] usable
[    0.000000] BIOS-e820: [mem 0x000000003fff0000-0x000000003fffffff] ACPI data
[    0.000000] BIOS-e820: [mem 0x00000000fec00000-0x00000000fec00fff] reserved
[    0.000000] BIOS-e820: [mem 0x00000000fee00000-0x00000000fee00fff] reserved
[    0.000000] BIOS-e820: [mem 0x00000000fffc0000-0x00000000ffffffff] reserved
[    0.000000] NX (Execute Disable) protection: active
[    0.000000] SMBIOS 2.5 present.
[    0.000000] DMI: innotek GmbH VirtualBox/VirtualBox, BIOS VirtualBox 12/01/2006
[    0.000000] Hypervisor detected: KVM
[    0.000000] e820: last_pfn = 0x3fff0 max_arch_pfn = 0x400000000
[    0.000000] MTRR: Disabled
[    0.000000] x86/PAT: MTRRs disabled, skipping PAT initialization too.
[    0.000000] CPU MTRRs all blank - virtualized system.
[    0.000000] x86/PAT: Configuration [0-7]: WB  WT  UC- UC  WB  WT  UC- UC  
[    0.000000] found SMP MP-table at [mem x0009f0-0x0009ffff] mapped at [        (ptrval]
[    0.000000] Scanning 1 areas for low memory corruption
[    0.000000] RAMDISK: [mem 0x35ae1000-0x36d67fff]
[    0.000000] ACPI: Early table checksum verification disabled
[    0.000000] ACPI: RSDP 0x00000000000E0000 000024 (v02 VBOX  )
[    0.000000] ACPI: XSDT 0x000000003FFF0030 00003C (v01 VBOX   VBOXXSDT 00000001 ASL  00000061)
[    0.000000] ACPI: FACP 0x000000003FFF00F0 0000F4 (v04 VBOX   VBOXFACP 00000001 ASL  00000061)
[    0.000000] ACPI: DSDT 0x000000003FFF0470 0021FF (v02 VBOX   VBOXBIOS 00000002 INTL 20100528)
[    0.000000] ACPI: FACS 0x000000003FFF0200 000040
[    0.000000] ACPI: FACS 0x000000003FFF0200 000040
[    0.000000] ACPI: APIC 0x000000003FFF0240 00005C (v02 VBOX   VBOXAPIC 00000001 ASL  00000061)
[    0.000000] ACPI: SSDT 0x000000003FFF02A0 0001CC (v01 VBOX   VBOXCPUT 00000002 INTL 20100528)
[    0.000000] No NUMA configuration found
[    0.000000] Faking a node at [mem 0x0000000000000000-0x000000003ffeffff]
[    0.000000] NODE_DATA(0) allocated [mem 0x3ffc5000-0x3ffeffff]
[    0.000000] kvm-clock: cpu 0, msr 0:3ff44001, primary cpu clock
[    0.000000] kvm-clock: Using msrs 4b564d01 and 4b564d00
[    0.000000] kvm-clock: using sched offset of 3673937759 cycles
[    0.000000] clocksource: kvm-clock: mask: 0xffffffffffffffff max_cycles: 0x1cd42e4dffb, max_idlens: 881590591483 ns
[    0.000000] Zone ranges:
[    0.000000]   DMA      [mem 0x0000000000001000-0x0000000000ffffff]
[    0.000000]   DMA32    [mem 0x0000000001000000-0x000000003ffeffff]
[    0.000000]   Normal   empty
[    0.000000]   Device   empty
[    0.00000]ovable zone start for each node
[   0.000000] Early memory node ranges
[    0.000000]   node   0: [mem 0x0000000000001000-0x000000000009efff]
[    0.000000]   node   0: [mem 0x0000000000100000-0x000000003ffeffff]
[    0.000000] Initmem setup node 0 [mem 0x0000000000001000-0x000000003ffeffff]
[    0.000000] Reserved but unavailable: 98 pages
[    0.000000] ACPI: PM-Timer IO Port: 0x4008
[    0.000000] IOAPIC[0]: apic_id 2, version 32, address 0xfec00000, GSI 0-23
[    0.000000] ACPI: INT_SRC_OVR (bus 0 bus_irq 0 global_irq 2 dfl dfl)
[    0.000000] ACPI: INT_SRC_OVR (bus 0 bus_irq 9 global_irq 9 low level)
[    0.000000] Using ACPI (MADT) for SMP configuration information
[    0.000000] smpboot: Allowing 2 CPUs, 0 hotplug CPUs
[    0.000000] PM: Registered nosave memory: [mem 0x00000000-0x00000fff]
[    0.000000] PM: Registered nosave memory: [mem 0x0009f000-0x0009ffff]
[    0.000000] PM: Registered nosave memory: [mem 0x000a0000-0x000effff]
[    0.000000] PM: Registered nosave memory: [mem 0x000f0000-0x000fffff]
[    0.000000] e820: [mem 0x40000000-0xfebfffff] available for PCI devices
[    0.000000] Booting paravirtualized kernel on KVM
[    0.000000] clocksource: refined-jiffies: mask: 0xffffffff max_cycles: 0xffffffff, max_idle_ns: 7645519600211568 ns
[   0.000000] random: get_random_bytes called from start_kernel+0x99/0x4fd with crng_init=0
[  00.000000] setup_percp: NR_CPUS:8192 nr_cpumask_bits:2 nr_cpu_ids:2 nr_node_ids:1
[    0.000000] percpu: Embedded 46 pages/cpu @        (ptrval) s151552 r8192 d28672 u1048576
[    0.000000] PV qspinlock hash table entries: 256 (order: 0, 4096 bytes)
[    0.000000] Built 1 zonelists, mobility grouping on.  Total pages: 257913
[    0.000000] Policy zone: DMA32
[    0.000000] Kernel command line: BOOT_IMAGE=/boot/vmlinuz-4.15.0-43-generic root=LABEL=cloudimg-rootfs ro console=tty1 console=ttyS0
[    0.000000] Memory: 983612K/1048120K available (12300K kernel code, 2472K rwdata, 4252K rodata,2408K init, 2416K bss, 64508K reserved, 0K cma-reserved)
[   0.000000] SLUB: HWalign=64, Order=0-3, MinObjects=0, CPUs=2, Nodes=1
[    0.000000] Kernel/User page tables isolation: enabled
[    0.000000] ftrace: allocating 39186 entries in 154 pages
[    0.004000] Hierarchical RCU implementation.
[    0.004000] 	RCU restricting CPUs from NR_CPUS=8192 to nr_cpu_ids=2.
[    0.004000] 	Tasks RCU enabled.
[    0.004000] RCU: Adjusting geometry for rcu_fanout_leaf=16, nr_cpu_ids=2
[    0.004000] NR_IRQS: 524544, nr_irqs: 440, preallocated irqs: 16
[    0.004000] Console: colour VGA+ 80x25
[    0.004000] console [tty1] enabled
[    0.004000] console [ttyS0] enabled
[    0.004000] ACPI: Core revision 20170831
[   0004000] ACPI: 2 ACPI AML tables successfully acquired and loaded
[    0.004000] APIC: Switch to symmetric I/O mode setup
[    0.004000] x2apic enabled
[    0.004000] Switched APIC routing to physical x2apic.
[   0.005880] ..TIMER: vector=0x30 apic1=0 pin1=2 apic2=-1 pin2=-1
[    0.008006] tsc: Detected 2712.000 MHz processor
[    0.009240] Calibrating delay loop (skipped) preset value.. 5424.00 BogoMIPS (lpj=10848000)
[    0.012006] pid_max: default: 32768 minimum: 301
[    0.016047] Security Framework initialized
[    0.020006] Yama: becoming mindful.
[    0.024032] AppArmor: AppArmor initialized
[    0.028086] Dentry cache hash table entries: 131072 (order: 8, 1048576 bytes)
[    0.030173] Inode-cache hash table entries: 65536 (order: 7, 524288 bytes)
[    0.032020] Mount-cache hash table entries: 2048 (order: 2, 16384 bytes)
[    0.034013] Mountpoint-cache hash table entries: 2048 (order: 2, 16384 bytes)
[    0.036284] mce: CPU supports 0 MCE banks
[    0.037479] Last level iTLB entries: 4KB 64, 2MB 8, 4MB 8
[    0.040004] Last level dTLB entries: 4KB 64, 2MB 0, 4MB 0, 1GB 4
[    0.041683] Spectre V2 : Mitigation: Full generic retpoline
[    0.043264] Spectre V2 : Spectre v2 / SpectreRSB mitigation: Filling RSB on context switch
[    0.044006] Speculative Store Bypass: Vulnerable
[    0.048165] Freeing SMP alternatives memory: 36K
[    0.052000] smpboot: CPU0: Intel(R) Core(TM) i5-7200U CPU @ 2.50GHz (family: 0x6, model: 0x8e, stepping: 0x9)
[    0.052000] Performance Events: unsupported p6 CPU model 142 no PMU driver, software events only.
[    0.052038] Hierarchical SRCU implementation.
[    0.053932] NMI watchdog: Perf event create on CPU 0 failed with -2
[    0.056006] NMI watchdog: Perf NMI watchdog permanently disabled
[    0.057800] smp: Bringing up secondary CPUs ...
[    0.060111] x86: Booting SMP configuration:
[    0.061264] .... node  #0, CPUs:      #1
[    0.004000] kvm-clock: cpu 1, msr 0:3ff44041, secondary cpu clock
[    0.004000] mce: CPU supports 0 MCE banks
[    0.068046] smp: Brought up 1 node, 2 CPUs
[    0.069156] smpboot: Max logical packages: 1
[    0.070301] smpboot: Total of 2 processors activated (10848.00 BogoMIPS)
[    0.072233] devtmpfs: initialized
[    0.073287] x86/mm: Memory block size: 128MB
[    0.076096] evm: security.selinux
[    0.077185] evm: security.SMACK64
[    0.078220] evm: security.SMACK64EXEC
[    0.079392] evm: security.SMACK64TRANSMUTE
[    0.080005] evm: security.SMACK64MMAP
[    0.081179] evm: security.apparmor
[    0.081919] evm: security.ima
[    0.082704] evm: security.capability
[    0.084097] clocksource: jiffies: mask: 0xffffffff max_cycles: 0xffffffff, max_idle_ns: 7645041785100000 ns
[    0.085936] futex hash table entries: 512 (order: 3, 32768 bytes)
[    0.088053] pinctrl core: initialized pinctrl subsystem
[    0.090510] RTC time: 15:19:11, date: 12/30/18
[    0.092048] NET: Registered protocol family 16
[    0.093051] audit: initializing netlink subsys (disabled)
[    0.094400] audit: type=2000 audit(1546183156.542:1): state=initialized audit_enabled=0 res=1
[    0.096015] cpuidle: using governor ladder
[    0.096881] cpuidle: using governor menu
[    0.097768] ACPI: bus type PCI registered
[    0.098588] acpiphp: ACPI Hot Plug PCI Controller Driver version: 0.5
[    0.100019] PCI: Using configuration type 1 for base access
[    0.101210] HugeTLB registered 2.00 MiB page size, pre-allocated 0 pages
[    0.104089] ACPI: Added _OSI(Module Device)
[    0.108003] ACPI: Added _OSI(Processor Device)
[    0.109018] ACPI: Added _OSI(3.0 _SCP Extensions)
[    0.112006] ACPI: Added _OSI(Processor Aggregator Device)
[    0.113136] ACPI: Added _OSI(Linux-Dell-Video)
[    0.114049] ACPI: Added _OSI(Linux-Lenovo-NV-HDMI-Audio)
[    0.116419] ACPI: Executed 1 blocks of module-level executable AML code
[    0.122640] ACPI: Interpreter enabled
[    0.123456] ACPI: (supports S0 S5)
[    0.124000] ACPI: Using IOAPIC for interrupt routing
[    0.124320] PCI: Using host bridge windows from ACPI; if necessary, use "pci=nocrs" and report a bug
[    0.126284] ACPI: Enabled 2 GPEs in block 00 to 07
[    0.136421] ACPI: PCI Root Bridge [PCI0] (domain 0000 [bus 00-ff])
[    0.137703] acpi PNP0A03:00: _OSC: OS supports [ASPM ClockPM Segments MSI]
[    0.139036] acpi PNP0A03:00: _OSC: not requesting OS control; OS requires [ExtendedConfig ASPM ClockPM MSI]
[    0.140012] acpi PNP0A03:00: fail to add MMCONFIG information, can't access extended PCI configuration space under this bridge.
[    0.143065] PCI host bridge to bus 0000:00
[    0.144005] pci_bus 0000:00: root bus resource [io  0x0000-0x0cf7 window]
[    0.145324] pci_bus 0000:00: root bus resource [io  0x0d00-0xffff window]
[    0.146660] pci_bus 0000:00: root bus resource [mem 0x000a0000-0x000bffff window]
[    0.148003] pci_bus 0000:00: root bus resource [mem 0x40000000-0xfdffffff window]
[    0.149518] pci_bus 0000:00: root bus resource [bus 00-ff]
[    0.154164] pci 0000:00:01.1: legacy IDE quirk: reg 0x10: [io  0x01f0-0x01f7]
[    0.155595] pci 0000:00:01.1: legacy IDE quirk: reg 0x14: [io  0x03f6]
[    0.156004] pci 0000:00:01.1: legacy IDE quirk: reg 0x18: [io  0x0170-0x0177]
[    0.157385] pci 0000:00:01.1: legacy IDE quirk: reg 0x1c: [io  0x0376]
[    0.177417] pci 0000:00:07.0: quirk: [io  0x4000-0x403f] claimed by PIIX4 ACPI
[    0.180028] pci 0000:00:07.0: quirk: [io  0x4100-0x410f] claimed by PIIX4 SMB
[    0.192000] ACPI: PCI Interrupt Link [LNKA] (IRQs 5 9 10 *11)
[    0.192455] ACPI: PCI Interrupt Link [LNKB] (IRQs 5 9 *10 11)
[    0.196168] ACPI: PCI Interrupt Link [LNKC] (IRQs 5 *9 10 11)
[    0.200166] ACPI: PCI Interrupt Link [LNKD] (IRQs 5 9 10 *11)
[    0.204357] SCSI subsystem initialized
[    0.208066] pci 0000:00:02.0: vgaarb: setting as boot VGA device
[    0.212000] pci 0000:00:02.0: vgaarb: VGA device added: decodes=io+mem,owns=io+mem,locks=none
[    0.212016] pci 0000:00:02.0: vgaarb: bridge control possible
[    0.213123] vgaarb: loaded
[    0.213757] ACPI: bus type USB registered
[    0.216020] usbcore: registered new interface driver usbfs
[    0.217138] usbcore: registered new interface driver hub
[    0.220030] usbcore: registered new device driver usb
[    0.224117] EDAC MC: Ver: 3.0.0
[    0.225213] PCI: Using ACPI for IRQ routing
[    0.228323] NetLabel: Initializing
[    0.229077] NetLabel:  domain hash size = 128
[    0.229963] NetLabel:  protocols = UNLABELED CIPSOv4 CALIPSO
[    0.231122] NetLabel:  unlabeled traffic allowed by default
[    0.232074] clocksource: Switched to clocksource kvm-clock
[    0.245368] VFS: Disk quotas dquot_6.6.0
[    0.246270] VFS: Dquot-cache hash table entries: 512 (order 0, 4096 bytes)
[    0.2432Aprmr:ppArmor Filesystem Enabled
[  0902]npPnP ACPI init
[    0.764360] pnp: PnP ACPI: found 3 devices

[    0.777831] clocksource: acpi_pm: mask: 0xffffff max_cycles: 0xffffff, max_idle_ns: 2085701024 ns
[    0.781271 NET: Registered protocol family 2

[    0.816771] TCP established hash table entries: 8192 (order: 4, 65536 bytes)
[    0.819022] TCP bind hash table entries: 8192 (order: 5, 131072 bytes)
[    0.821012] TCP: Hash tabs configured (established 8192 bind 8192)

[    0.881596] UDP hash table entries: 512 (order: 2, 16384 bytes)
[    0.882780] UDP-Lite hash table entries: 512 (order: 2, 16384 bytes)
[    0.884047] NET: Registered protocol family 1
[    0.884950] pci 0000:00:00.0: Limiting direct PCI/PCI transfers
[    0.886110] pci 0000:00:01.0: Activating ISA DMA hang workarounds
[    0.887327] pci 0000:00:02.0: Video device with shadowed ROM at [mem 0x000c0000-0x000dffff]
[    0.889210] Unpacking initramfs...
[    1.161472] Freeing initrd memory: 18972K
[    1.196498] platform rtc_cmos: registered platform RTC device (no PNP device found)
[    1.261134] Scanning for low memory corruption every 60 seconds
[    1.286219] Initialise system trusted keyrings
[    1.348229] Key type blacklist registered
[    1.356388] workingset: timestamp_bits=36 max_order=18 bucket_order=0
[    1.445730] zbud: loaded
[    1.446810] squashfs: version 4.0 (2009/01/31) Phillip Lougher
[    1.448140] fuse init (API version 7.26)
[    1.454208] Key type asymmetric registered
[    1.468167] Asymmetric key parser 'x509' registered
[    1.501081] Block layer SCSI generic (bsg) driver version 0.4 loaded (major 246)
[    1.560842] io scheduler noop registered
[    1.580473] io scheduler deadline registered
[    1.588398] io scheduler cfq registered (default)
[    1.589921] ACPI: AC Adapter [AC] (on-line)
[    1.592975] input: Power Button as /devices/LNXSYSTM:00/LNXPWRBN:00/input/input0
[    1.594543] ACPI: Power Button [PWRF]
[    1.595419] input: Sleep Button as /devices/LNXSYSTM:00/LNXSLPBN:00/input/input1
[    1.596946] ACPI: Sleep Button [SLPF]
[    1.599539] virtio-pci 0000:00:03.0: virtio_pci: leaving for legacy driver
[    1.600433] ACPI: Battery Slot [BAT0] (battery present)
[    1.603138] virtio-pci 0000:00:08.0: virtio_pci: leaving for legacy driver
[    1.634736] Serial: 8250/16550 driver, 32 ports, IRQ sharing enabled
[    1.658968] 00:02: ttyS0 at I/O 0x3f8 (irq = 4, base_baud = 115200) is a 16550A
[    1.681310] Linux agpgart interface v0.103
[    1.696093] loop: module loaded
[    1.712458] scsi host0: ata_piix
[    1.713401] scsi host1: ata_piix
[    1.714143] ata1: PATA max UDMA/33 cmd 0x1f0 ctl 0x3f6 bmdma 0xd000 irq 14
[    1.715484] ata2: PATA max UDMA/33 cmd 0x170 ctl 0x376 bmdma 0xd008 irq 15
[    1.716949] libphy: Fixed MDIO Bus: probed
[    1.717873] tun: Universal TUN/TAP device driver, 1.6
[    1.718922] PPP generic driver version 2.4.2
[    1.720012] ehci_hcd: USB 2.0 'Enhanced' Host Controller (EHCI) Driver
[    1.721366] ehci-pci: EHCI PCI platform driver
[    1.728346] ehci-platform: EHCI generic platform driver
[    1.742145] ohci_hcd: USB 1.1 'Open' Host Controller (OHCI) Driver
[    1.777650] ohci-pci: OHCI PCI platform driver
[    1.778581] ohci-platform: OHCI generic platform driver
[    1.779626] uhci_hcd: USB Universal Host Controller Interface driver
[    1.780959] i8042: PNP: PS/2 Controller [PNP0303:PS2K,PNP0f03:PS2M] at 0x60,0x64 irq 1,12
[    1.791158] serio: i8042 KBD port at 0x60,0x64 irq 1
[    1.792770] serio: i8042 AUX port at 0x60,0x64 irq 12
[    1.793959] mousedev: PS/2 mouse device common for all mice
[    1.807571] input: AT Translated Set 2 keyboard as /devices/platform/i8042/serio0/input/input2
[    1.809779] rtc_cmos rtc_cmos: rtc core: registered rtc_cmos as rtc0
[    1.816667] rtc_cmos rtc_cmos: alarms up to one day, 114 bytes nvram
[    1.824373] i2c /dev entries driver
[    1.825141] pcie_mp2_amd: AMD(R) PCI-E MP2 Communication Driver Version: 1.0
[    1.826543] device-mapper: uevent: version 1.0.3
[    1.827645] device-mapper: ioctl: 4.37.0-ioctl (2017-09-20) initialised: dm-devel@redhat.com
[    1.829384] ledtrig-cpu: registered to indicate activity on CPUs
[    1.831164] NET: Registered protocol family 10
[    1.835529] Segment Routing with IPv6
[    1.836455] NET: Registered protocol family 17
[    1.837486] Key type dns_resolver registered
[    1.838729] RAS: Correctable Errors collector initialized.
[    1.839952] sched_clock: Marking stable (1838688638, 0)->(3095641391, -1256952753)
[    1.842091] registered taskstats version 1
[    1.842940] Loading compiled-in X.509 certificates
[    1.846254] Loaded X.509 cert 'Build time autogenerated kernel key: 6afcca3ddc80072aeae87585a7fdb65d40603f58'
[    1.848202] zswap: loaded using pool lzo/zbud
[    1.852975] Key type big_key registered
[    1.855891] Key type trusted registered
[    1.858507] Key type encrypted registered
[    1.859366] AppArmor: AppArmor sha1 policy hashing enabled
[    1.860559] ima: No TPM chip found, activating TPM-bypass! (rc=-19)
[    1.861776] ima: Allocated hash algorithm: sha1
[    1.862722] evm: HMAC attrs: 0x1
[    1.863688]   Magic number: 14:155:337
[    1.864599] tty tty58: hash matches
[    1.865474] rtc_cmos rtc_cmos: setting system clock to 2018-12-30 15:19:13 UTC (1546183153)
[    1.868313] BIOS EDD facility v0.16 2004-Jun-25, 0 devices found
[    1.870200] EDD information not available.
[    1.879410] Freeing unused kernel memory: 2408K
[    1.892082] Write protecting the kernel read-only data: 20480k
[    1.893971] Freeing unused kernel memory: 2008K
[    1.901236] Freeing unused kernel memory: 1892K
[    1.914439] x86/mm: Checked W+X mappings: passed, no W+X pages found.
[    2.203974] x86/mm: Checking user space page tables
[    2.204067] tsc: Refined TSC clocksource calibration: 2711.878 MHz
[    2.204074] clocksource: tsc: mask: 0xffffffffffffffff max_cycles: 0x27171347102, max_idle_ns: 440795255497 ns
[    3.429993] x86/mm: Checked W+X mappings: passed, no W+X pages found.
Loading, please wait...
starting version 237
[    3.511194] Fusion MPT base driver 3.04.20
[    3.512180] Copyright (c) 1999-2008 LSI Corporation
[    3.541216] Fusion MPT SPI Host driver 3.04.20
[    3.559514] AVX2 version of gcm_enc/dec engaged.
[    3.561144] AES CTR mode by8 optimization enabled
[    3.567930] mptbase: ioc0: Initiating bringup
[    3.568503] virtio_net virtio0 enp0s3: renamed from eth0
[    3.585652] virtio_net virtio1 enp0s8: renamed from eth1
[    3.678007] ioc0: LSI53C1030 A0: Capabilities={Initiator}
[    3.722230] input: ImExPS/2 Generic Explorer Mouse as /devices/platform/i8042/serio1/input/input4
[    3.947447] scsi host2: ioc0: LSI53C1030 A0, FwRev=00000000h, Ports=1, MaxQ=256, IRQ=20
[    4.156801] scsi 2:0:0:0: Direct-Access     VBOX     HARDDISK         1.0  PQ: 0 ANSI: 5
[    4.204035] scsi target2:0:0: Beginning Domain Validation
[    4.219955] scsi target2:0:0: Domain Validation skipping write tests
[    4.221875] scsi target2:0:0: Ending Domain Validation
[    4.223691] scsi target2:0:0: asynchronous
[    4.226002] scsi 2:0:1:0: Direct-Access     VBOX     HARDDISK         1.0  PQ: 0 ANSI: 5
[    4.264425] scsi target2:0:1: Beginning Domain Validation
[    4.275393] random: fast init done
[    4.276789] scsi target2:0:1: Domain Validation skipping write tests
[    4.278027] scsi target2:0:1: Ending Domain Validation
[    4.279157] scsi target2:0:1: asynchronous
[    4.285081] random: systemd-udevd: uninitialized urandom read (16 bytes read)
[    4.298750] sd 2:0:0:0: Attached scsi generic sg0 type 0
[    4.299097] sd 2:0:0:0: [sda] 20971520 512-byte logical blocks: (10.7 GB/10.0 GiB)
[    4.299214] random: systemd-udevd: uninitialized urandom read (16 bytes read)
[    4.299219] random: systemd-udevd: uninitialized urandom read (16 bytes read)
[    4.299567] sd 2:0:0:0: [sda] Write Protect is off
[    4.299710] sd 2:0:0:0: [sda] Incomplete mode parameter data
[    4.299711] sd 2:0:0:0: [sda] Assuming drive cache: write through
[    4.304541]  sda: sda1
[    4.305277] sd 2:0:0:0: [sda] Attached SCSI disk
[    4.442013] sd 2:0:1:0: Attached scsi generic sg1 type 0
[    4.442261] sd 2:0:1:0: [sdb] 20480 512-byte logical blocks: (10.5 MB/10.0 MiB)
[    4.442317] sd 2:0:1:0: [sdb] Write Protect is off
[    4.442435] sd 2:0:1:0: [sdb] Incomplete mode parameter data
[    4.442437] sd 2:0:1:0: [sdb] Assuming drive cache: write through
[    4.448460] sd 2:0:1:0: [sdb] Attached SCSI disk
Begin: Loading essential drivers ... [    6.132293] raid6: sse2x1   gen() 10451 MB/s
[    6.184332] raid6: sse2x1   xor()  7538 MB/s
[    6.232114] raid6: sse2x2   gen() 11794 MB/s
[    6.284158] raid6: sse2x2   xor()  6004 MB/s
[    6.332266] raid6: sse2x4   gen() 13121 MB/s
[    6.380389] raid6: sse2x4   xor()  8740 MB/s
[    6.428178] raid6: avx2x1   gen() 20342 MB/s
[    6.484223] raid6: avx2x1   xor() 14306 MB/s
[    6.540240] raid6: avx2x2   gen() 24731 MB/s
[    6.588438] raid6: avx2x2   xor() 15314 MB/s
[    6.676190] raid6: avx2x4   gen() 27223 MB/s
[    6.756030] raid6: avx2x4   xor() 16977 MB/s
[    6.757222] raid6: using algorithm avx2x4 gen() 27223 MB/s
[    6.758286] raid6: .... xor() 16977 MB/s, rmw enabled
[    6.800242] raid6: using avx2x2 recovery algorithm
[    6.821139] xor: automatically using best checksumming function   avx       
[    6.823897] async_tx: api initialized (async)
done.
Begin: Running /scripts/init-premount ... done.
Begin: Mounting root file system ... Begin: Running /scripts/local-top ... done.
Begin: Running /scripts/l[    6.887482] Btrfs loaded, crc32c=crc32c-intel
ocal-premount ... Scanning for Btrfs filesystems
done.
Warning: fsck not present, so skipping root file system
[    6.929060] EXT4-fs (sda1): mounted filesystem with ordered data mode. Opts: (null)
done.
Begin: Running /scripts/local-bottom ... done.
Begin: Running /scripts/init-bottom ... done.
[    7.147778] ip_tables: (C) 2000-2006 Netfilter Core Team
[    7.158739] systemd[1]: systemd 237 running in system mode. (+PAM +AUDIT +SELINUX +IMA +APPARMOR +SMACK +SYSVINIT +UTMP +LIBCRYPTSETUP +GCRYPT +GNUTLS +ACL +XZ +LZ4 +SECCOMP +BLKID +ELFUTILS +KMOD -IDN2 +IDN -PCRE2 default-hierarchy=hybrid)
[    8.071975] systemd[1]: Detected virtualization oracle.
[    8.213495] systemd[1]: Detected architecture x86-64.

Welcome to [1mUbuntu 18.04.1 LTS[0m!

[    9.056329] systemd[1]: Set hostname to <ubuntu-bionic>.
[    9.381846] systemd[1]: Created slice User and Session Slice.
[[0;32m  OK  [0m] Created slice User and Session Slice.
[    9.436349] systemd[1]: Set up automount Arbitrary Executable File Formats File System Automount Point.
[[0;32m  OK  [0m] Set up automount Arbitrary Executab…rmats File System Automount Point.
[    9.504502] systemd[1]: Reached target Swap.
[[0;32m  OK  [0m] Reached target Swap.
[    9.507708] systemd[1]: Started Forward Password Requests to Wall Directory Watch.
[[0;32m  OK  [0m] Started Forward Password Requests to Wall Directory Watch.
[    9.514613] systemd[1]: Reached target User and Group Name Lookups.
[[0;32m  OK  [0m] Reached target User and Group Name Lookups.
[    9.518371] systemd[1]: Reached target System Time Synchronized.
[[0;32m  OK  [0m] Reached target System Time Synchronized.
[[0;32m  OK  [0m] Created slice System Slice.
[[0;32m  OK  [0m] Listening on Syslog Socket.
[[0;32m  OK  [0m] Listening on udev Kernel Socket.
[[0;32m  OK  [0m] Listening on Journal Socket.
         Mounting POSIX Message Queue File System...
         Mounting Huge Pages File System...
         Starting Create list of required st…ce nodes for the current kernel...
[[0;32m  OK  [0m] Listening on udev Control Socket.
         Starting udev Coldplug all Devices...
         [    9.620687] EXT4-fs (sda1): re-mounted. Opts: (null)
Starting Remount Root and Kernel File Systems...
[[0;32m  OK  [0m] Listening on Journal Audit Socket.
[[0;32m  OK  [0m] Reached target Slices.
         Starting Uncomplicated firewall...
         Mounting Kernel Debug File System...
[[0;32m  OK  [0m] Listening on Device-mapper event daemon FIFOs.
[[0;32m  OK  [0m] Listening on LVM2 poll daemon socket.
         Starting Load Kernel Modules...
[[0;32m  OK  [0m] Created slice system-serial\x2dgetty.slice.
[[0;32m  OK  [0m] Listening on Net[    9.788491] Loading iSCSI transport class v2.0-870.
work Service Netlink Socket.
[[0;32m  OK  [0m] Listening on LVM2 metadata daemon socket.
         [    9.983819] iscsi: registered transport (tcp)
Starting Monitoring of LVM2 mirrors…ng dmeventd or progress polling...
         Starting Set the console keyboard layout...
[[0;32m  OK  [0m] Listening on /dev/initctl Compatibility Named Pipe.
[[0;32m  OK  [0m] Listening on Journal Socket (/dev/log).
         Starting Journal Service...
[[0;32m  OK  [0m] Mounted POSIX Message Queue File System.
[   10.069173] iscsi: registered transport (iser)
[[0;32m  OK  [0m] Mounted Huge Pages File System.
[[0;32m  OK  [0m] Started Create list of required sta…vice nodes for the current kernel.
[[0;32m  OK  [0m] Started Remount Root and Kernel File Systems.
[[0;32m  OK  [0m] Started Journal Service.
[[0;32m  OK  [0m] Started Uncomplicated firewall.
[[0;32m  OK  [0m] Mounted Kernel Debug File System.
[[0;32m  OK  [0m] Started Load Kernel Modules.
[[0;32m  OK  [0m] Started LVM2 metadata daemon.
         Starting Apply Kernel Variables...
         Mounting FUSE Control File System...
         Mounting Kernel Configuration File System...
         Starting Flush Journal to Persistent Storage...
         Starting Initial cloud-init job (pre-networking)...
         Starting Load/Save Random Seed...
         Starting Create Static Device Nodes in /dev...
[[0;32m  OK  [0m] Started Monitoring of LVM2 mirrors,…sing dmeventd or progress polling.
[[0;32m  OK  [0m] Started Set the console keyboard layout.
[[0;32m  OK  [0m] Started udev Coldplug all Devices.
[[0;32m  OK  [0m] Started Apply Kernel Variables.
[[0;32m  OK  [0m] Mounted FUSE Control File System.
[[0;32m  OK  [0m] Mounted Kernel Configuration File System.
[[0;32m  OK  [0m] Started Load/Save Random Seed.
[[0;32m  OK  [0m] Started Create Static Device Nodes in /dev.
         Starting udev Kernel Device Manager...
[[0;32m  OK  [0m] Reached target Local File Systems (Pre).
[[0;32m  OK  [0m] Reached target Local File Systems.
         Starting Tell Plymouth To Write Out Runtime Data...
         Starting AppArmor initialization...
         Starting Set console font and keymap...
         Starting ebtables ruleset management...
[[0;32m  OK  [0m] Started udev Kernel Device Manager.
[[0;32m  OK  [0m] Started Dispatch Password Requests to Console Directory Watch.
[[0;32m  OK  [0m] Reached target Local Encrypted Volumes.
[[0;32m  OK  [0m] Started Tell Plymouth To Write Out Runtime Data.
[[0;32m  OK  [0m] Started Set console font and keymap.
[[0;32m  OK  [0m] Started Flush Journal to Persistent Storage.
         Starting Create Volatile Files and Directories...
[[0;32m  OK  [0m] Started ebtables ruleset management.
[[0;32m  OK  [0m] Started Create Volatile Files and Directories.
         Starting Update UTMP about System Boot/Shutdown...
[[0;32m  OK  [0m] Started Update UTMP about System Boot/Shutdown.
[[0;32m  OK  [0m] Found device /dev/ttyS0.
[[0;32m  OK  [0m] Listening on Load/Save RF Kill Switch Status /dev/rfkill Watch.
[[0;32m  OK  [0m] Started AppArmor initialization.
[   12.265834] cloud-init[409]: Cloud-init v. 18.4-0ubuntu1~18.04.1 running 'init-local' at Sun, 30 Dec 2018 15:19:23 +0000. Up 11.98 seconds.
[[0;32m  OK  [0m] Started Initial cloud-init job (pre-networking).
[[0;32m  OK  [0m] Reached target Network (Pre).
         Starting Network Service...
[[0;32m  OK  [0m] Started Network Service.
         Starting Wait for Network to be Configured...
         Starting Network Name Resolution...
[[0;32m  OK  [0m] Started Network Name Resolution.
[[0;32m  OK  [0m] Reached target Host and Network Name Lookups.
[[0;32m  OK  [0m] Reached target Network.
[[0;32m  OK  [0m] Started Wait for Network to be Configured.
         Starting Initial cloud-init job (metadata service crawler)...
[   15.265980] cloud-init[648]: Cloud-init v. 18.4-0ubuntu1~18.04.1 running 'init' at Sun, 30 Dec 2018 15:19:26 +0000. Up 15.00 seconds.
[   15.268450] cloud-init[648]: ci-info: ++++++++++++++++++++++++++++++++++++++Net device info+++++++++++++++++++++++++++++++++++++++
[   15.287773] cloud-init[648]: ci-info: +--------+------+-----------------------------+---------------+--------+-------------------+
[   15.308442] cloud-init[648]: ci-info: | Device |  Up  |           Address           |      Mask     | Scope  |     Hw-Address    |
[   15.322538] cloud-init[648]: ci-info: +--------+------+-----------------------------+---------------+--------+-------------------+
[   15.324501] cloud-init[648]: ci-info: | enp0s3 | True |          10.0.2.15          | 255.255.255.0 | global | 02:4e:c5:35:3f:f8 |
[   15.344160] cloud-init[648]: ci-info: | enp0s3 | True |  fe80::4e:c5ff:fe35:3ff8/64 |       .       |  link  | 02:4e:c5:35:3f:f8 |
[   15.399751] cloud-init[648]: ci-info: | enp0s8 | True |        192.168.33.10        | 255.255.255.0 | global | 08:00:27:9d:b8:3c |
[   15.422766] cloud-init[648]: ci-info: | enp0s8 | True | fe80::a00:27ff:fe9d:b83c/64 |       .       |  link  | 08:00:27:9d:b8:3c |
[   15.425595] cloud-init[648]: ci-info: |   lo   | True |          127.0.0.1          |   255.0.0.0   |  host  |         .         |
[   15.456367] cloud-init[648]: ci-info: |   lo   | True |           ::1/128           |       .       |  host  |         .         |
[[0;32m  OK  [0m] Started Initial cloud-init job (metadata service crawler).
[   15.520457] [[0;32m  OK  [0m] Reached target System Initialization.
cloud-init[648]: ci-info: +--------+------+-----------------------------+---------------+--------+-------------------+
[[0;32m  OK  [0m] Started Clean PHP session files every 30 mins.
[   15.641489] [[0;32m  OK  [0m] Listening on Open-iSCSI iscsid Socket.
[[0;32m  OK  [0m] Listening on UUID daemon activation socket.
[[0;32m  OK  [0m] Started Daily Cleanup of Temporary Directories.
[[0;32m  OK  [0m] Listening on D-Bus System Message Bus Socket.
         Starting Socket activation for snappy daemon.
[[0;32m  OK  [0m] Started Daily apt download activities.
[[0;32m  OK  [0m] Started Message of the Day.
[[0;32m  OK  [0m] Started Discard unused blocks once a week.
cloud-init[648]: ci-info: +++++++++++++++++++++++++++++Route IPv4 info+++++++++++++++++++++++++++++
         [   15.740250] cloud-init[648]: ci-info: +-------+--------------+----------+-----------------+-----------+-------+
[   15.740847] cloud-init[648]: ci-info: | Route | Destination  | Gateway  |     Genmask     | Interface | Flags |
[   15.741264] cloud-init[648]: ci-info: +-------+--------------+----------+-----------------+-----------+-------+
[   15.741572] cloud-init[648]: ci-info: |   0   |   0.0.0.0    | 10.0.2.2 |     0.0.0.0     |   enp0s3  |   UG  |
[   15.741961] cloud-init[648]: ci-info: |   1   |   10.0.2.0   | 0.0.0.0  |  255.255.255.0  |   enp0s3  |   U   |
[   15.742351] cloud-init[648]: ci-info: |   2   |   10.0.2.2   | 0.0.0.0  | 255.255.255.255 |   enp0s3  |   UH  |
[   15.742740] cloud-init[648]: ci-info: |   3   | 192.168.33.0 | 0.0.0.0  |  255.255.255.0  |   enp0s8  |   U   |
[   15.743101] cloud-init[648]: ci-info: +-------+--------------+----------+-----------------+-----------+-------+
[   15.743499] cloud-init[648]: ci-info: +++++++++++++++++++Route IPv6 info+++++++++++++++++++
[   15.743940] cloud-init[648]: ci-info: +-------+-------------+---------+-----------+-------+
[   15.744671] cloud-init[648]: ci-info: | Route | Destination | Gateway | Interface | Flags |
[   15.745022] cloud-init[648]: ci-info: +-------+-------------+---------+-----------+-------+
[   15.745402] cloud-init[648]: ci-info: |   1   |  fe80::/64  |    ::   |   enp0s8  |   U   |
[   15.745785] cloud-init[648]: ci-info: |   2   |  fe80::/64  |    ::   |   enp0s3  |   U   |
[   15.746174] cloud-init[648]: ci-info: |   4   |    local    |    ::   |   enp0s3  |   U   |
[   15.746544] cloud-init[648]: ci-info: |   5   |    local    |    ::   |   enp0s8  |   U   |
[   15.746941] cloud-init[648]: ci-info: |   6   |   ff00::/8  |    ::   |   enp0s8  |   U   |
[   15.747313] cloud-init[648]: ci-info: |   7   |   ff00::/8  |    ::   |   enp0s3  |   U   |
[   15.748478] cloud-init[648]: ci-info: +-------+-------------+---------+-----------+-------+
Starting LXD - unix socket.
[[0;32m  OK  [0m] Started ACPI Events Check.
[[0;32m  OK  [0m] Reached target Paths.
[[0;32m  OK  [0m] Started Daily apt upgrade and clean activities.
[[0;32m  OK  [0m] Reached target Timers.
[[0;32m  OK  [0m] Listening on ACPID Listen Socket.
[[0;32m  OK  [0m] Reached target Cloud-config availability.
[[0;32m  OK  [0m] Reached target Network is Online.
         Starting Availability of block devices...
[[0;32m  OK  [0m] Reached target Remote File Systems (Pre).
[[0;32m  OK  [0m] Reached target Remote File Systems.
[[0;32m  OK  [0m] Listening on Socket activation for snappy daemon.
[[0;32m  OK  [0m] Listening on LXD - unix socket.
[[0;32m  OK  [0m] Started Availability of block devices.
[[0;32m  OK  [0m] Reached target Sockets.
[[0;32m  OK  [0m] Reached target Basic System.
[[0;32m  OK  [0m] Started FUSE filesystem for LXC.
[[0;32m  OK  [0m] Started Deferred execution scheduler.
         Starting Permit User Sessions...
[[0;32m  OK  [0m] Started irqbalance daemon.
         Starting System Logging Service...
         Starting MySQL Community Server...
         Starting LSB: automatic crash report generation...
         Starting The Apache HTTP Server...
[[0;32m  OK  [0m] Started D-Bus System Message Bus.
         Starting Dispatcher daemon for systemd-networkd...
         Starting LSB: Record successful boot for GRUB...
         Starting Virtualbox guest utils...
         Starting Accounts Service...
         Starting LXD - container startup/shutdown...
         Starting OpenBSD Secure Shell server...
[[0;32m  OK  [0m] Started Regular background program processing daemon.
         Starting Login Service...
         Starting Snappy daemon...
[[0;32m  OK  [0m] Started System Logging Service.
[[0;32m  OK  [0m] Started Permit User Sessions.
[[0;32m  OK  [0m] Started Login Service.
[[0;32m  OK  [0m] Started OpenBSD Secure Shell server.
[[0;32m  OK  [0m] Started LSB: automatic crash report generation.
[[0;32m  OK  [0m] Started The Apache HTTP Server.
[[0;32m  OK  [0m] Started Unattended Upgrades Shutdown.
         Starting Authorization Manager...
         Starting Terminate Plymouth Boot Screen...
         Starting Hold until boot process finishes up...
[[0;32m  OK  [0m] Started Hold until boot process finishes up.
[[0;32m  OK  [0m] Started Terminate Plymouth Boot Screen.
[[0;32m  OK  [0m] Started Serial Getty on ttyS0.
         Starting Set console scheme...
[[0;32m  OK  [0m] Started LXD - container startup/shutdown.
[[0;32m  OK  [0m] Started Authorization Manager.
[[0;32m  OK  [0m] Started Accounts Service.
[[0;32m  OK  [0m] Started Set console scheme.
[[0;32m  OK  [0m] Created slice system-getty.slice.
[[0;32m  OK  [0m] Started Getty on tty1.
[[0;32m  OK  [0m] Reached target Login Prompts.
[[0;32m  OK  [0m] Started Dispatcher daemon for systemd-networkd.
[[0;32m  OK  [0m] Started LSB: Record successful boot for GRUB.
[[0;32m  OK  [0m] Started Virtualbox guest utils.
[[0;32m  OK  [0m] Started Snappy daemon.
         Starting Wait until snapd is fully seeded...
[[0;32m  OK  [0m] Started Wait until snapd is fully seeded.
         Starting Apply the settings specified in cloud-config...
[[0;32m  OK  [0m] Started MySQL Community Server.
[[0;32m  OK  [0m] Reached target Multi-User System.
[[0;32m  OK  [0m] Reached target Graphical Interface.
         Starting Update UTMP about System Runlevel Changes...
[[0;32m  OK  [0m] Started Update UTMP about System Runlevel Changes.
[[0;32m  OK  [0m] Created slice User Slice of vagrant.
         Starting User Manager for UID 1000...
[[0;32m  OK  [0m] Started Session 1 of user vagrant.
[[0;32m  OK  [0m] Started User Manager for UID 1000.
[   18.555278] cloud-init[1109]: Cloud-init v. 18.4-0ubuntu1~18.04.1 running 'modules:config' at Sun, 30 Dec 2018 15:19:30 +0000. Up 18.38 seconds.
[[0;32m  OK  [0m] Started Apply the settings specified in cloud-config.
         Starting Execute cloud user/final scripts...
[   19.397423] cloud-init[1244]: Cloud-init v. 18.4-0ubuntu1~18.04.1 running 'modules:final' at Sun, 30 Dec 2018 15:19:30 +0000. Up 19.23 seconds.
[   19.399903] cloud-init[1244]: Cloud-init v. 18.4-0ubuntu1~18.04.1 finished at Sun, 30 Dec 2018 15:19:31 +0000. Datasource DataSourceNoCloud [seed=/dev/sdb][dsmode=net].  Up 19.38 seconds
[[0;32m  OK  [0m] Started Execute cloud user/final scripts.
[[0;32m  OK  [0m] Reached target Cloud-init target.

Ubuntu 18.04.1 LTS ubuntu-bionic ttyS0

ubuntu-bionic login: 